# JRE version: OpenJDK Runtime Environment JBR-21.0.5+8-631.16-nomod (21.0.5+8) (build 21.0.5+8-b631.16)
# Java VM: OpenJDK 64-Bit Server VM JBR-21.0.5+8-631.16-nomod (21.0.5+8-b631.16, mixed mode, tiered, compressed oops, compressed class ptrs, g1 gc, windows-amd64)
GC Precious Log:
 CardTable entry size: 512
 Card Set container configuration: InlinePtr #cards 5 size 8 Array Of Cards #cards 12 size 40 Howl #buckets 4 coarsen threshold 1843 Howl Bitmap #cards 512 size 80 coarsen threshold 460 Card regions per heap region 1 cards per card region 2048
 CPUs: 4 total, 4 available
 Memory: 16140M
 Large Page Support: Disabled
 NUMA Support: Disabled
 Compressed Oops: Enabled (32-bit)
 Heap Region Size: 1M
 Heap Min Capacity: 8M
 Heap Initial Capacity: 254M
 Heap Max Capacity: 1G
 Pre-touch: Disabled
 Parallel Workers: 4
 Concurrent Workers: 1
 Concurrent Refinement Workers: 4
 Periodic GC: Disabled
Heap:
 garbage-first heap   total 109568K, used 85324K [0x00000000c0000000, 0x0000000100000000)
  region size 1024K, 25 young (25600K), 3 survivors (3072K)
 Metaspace       used 111754K, committed 113088K, reserved 1179648K
  class space    used 13488K, committed 14080K, reserved 1048576K
GC Heap History (20 events):
Event: 11.967 GC heap before
{Heap before GC invocations=22 (full 0):
 garbage-first heap   total 83968K, used 70656K [0x00000000c0000000, 0x0000000100000000)
  region size 1024K, 28 young (28672K), 5 survivors (5120K)
 Metaspace       used 91586K, committed 92416K, reserved 1179648K
  class space    used 10968K, committed 11328K, reserved 1048576K
}
Event: 11.975 GC heap after
{Heap after GC invocations=23 (full 0):
 garbage-first heap   total 83968K, used 50902K [0x00000000c0000000, 0x0000000100000000)
  region size 1024K, 3 young (3072K), 3 survivors (3072K)
 Metaspace       used 91586K, committed 92416K, reserved 1179648K
  class space    used 10968K, committed 11328K, reserved 1048576K
}
Event: 12.537 GC heap before
{Heap before GC invocations=24 (full 0):
 garbage-first heap   total 86016K, used 71382K [0x00000000c0000000, 0x0000000100000000)
  region size 1024K, 24 young (24576K), 3 survivors (3072K)
 Metaspace       used 94264K, committed 95168K, reserved 1179648K
  class space    used 11283K, committed 11712K, reserved 1048576K
}
Event: 12.543 GC heap after
{Heap after GC invocations=25 (full 0):
 garbage-first heap   total 86016K, used 52684K [0x00000000c0000000, 0x0000000100000000)
  region size 1024K, 3 young (3072K), 3 survivors (3072K)
 Metaspace       used 94264K, committed 95168K, reserved 1179648K
  class space    used 11283K, committed 11712K, reserved 1048576K
}
Event: 13.154 GC heap before
{Heap before GC invocations=25 (full 0):
 garbage-first heap   total 86016K, used 74188K [0x00000000c0000000, 0x0000000100000000)
  region size 1024K, 25 young (25600K), 3 survivors (3072K)
 Metaspace       used 98750K, committed 99648K, reserved 1179648K
  class space    used 11752K, committed 12160K, reserved 1048576K
}
Event: 13.162 GC heap after
{Heap after GC invocations=26 (full 0):
 garbage-first heap   total 86016K, used 52965K [0x00000000c0000000, 0x0000000100000000)
  region size 1024K, 3 young (3072K), 3 survivors (3072K)
 Metaspace       used 98750K, committed 99648K, reserved 1179648K
  class space    used 11752K, committed 12160K, reserved 1048576K
}
Event: 13.864 GC heap before
{Heap before GC invocations=26 (full 0):
 garbage-first heap   total 86016K, used 68325K [0x00000000c0000000, 0x0000000100000000)
  region size 1024K, 20 young (20480K), 3 survivors (3072K)
 Metaspace       used 99854K, committed 100672K, reserved 1179648K
  class space    used 11861K, committed 12224K, reserved 1048576K
}
Event: 13.869 GC heap after
{Heap after GC invocations=27 (full 0):
 garbage-first heap   total 86016K, used 53618K [0x00000000c0000000, 0x0000000100000000)
  region size 1024K, 1 young (1024K), 1 survivors (1024K)
 Metaspace       used 99854K, committed 100672K, reserved 1179648K
  class space    used 11861K, committed 12224K, reserved 1048576K
}
Event: 14.936 GC heap before
{Heap before GC invocations=28 (full 0):
 garbage-first heap   total 97280K, used 80242K [0x00000000c0000000, 0x0000000100000000)
  region size 1024K, 24 young (24576K), 1 survivors (1024K)
 Metaspace       used 100193K, committed 101120K, reserved 1179648K
  class space    used 11888K, committed 12352K, reserved 1048576K
}
Event: 14.939 GC heap after
{Heap after GC invocations=29 (full 0):
 garbage-first heap   total 97280K, used 57922K [0x00000000c0000000, 0x0000000100000000)
  region size 1024K, 1 young (1024K), 1 survivors (1024K)
 Metaspace       used 100193K, committed 101120K, reserved 1179648K
  class space    used 11888K, committed 12352K, reserved 1048576K
}
Event: 15.784 GC heap before
{Heap before GC invocations=29 (full 0):
 garbage-first heap   total 97280K, used 88642K [0x00000000c0000000, 0x0000000100000000)
  region size 1024K, 31 young (31744K), 1 survivors (1024K)
 Metaspace       used 100355K, committed 101248K, reserved 1179648K
  class space    used 11907K, committed 12352K, reserved 1048576K
}
Event: 15.790 GC heap after
{Heap after GC invocations=30 (full 0):
 garbage-first heap   total 97280K, used 57064K [0x00000000c0000000, 0x0000000100000000)
  region size 1024K, 2 young (2048K), 2 survivors (2048K)
 Metaspace       used 100355K, committed 101248K, reserved 1179648K
  class space    used 11907K, committed 12352K, reserved 1048576K
}
Event: 16.417 GC heap before
{Heap before GC invocations=30 (full 0):
 garbage-first heap   total 97280K, used 87784K [0x00000000c0000000, 0x0000000100000000)
  region size 1024K, 32 young (32768K), 2 survivors (2048K)
 Metaspace       used 103125K, committed 104128K, reserved 1179648K
  class space    used 12347K, committed 12800K, reserved 1048576K
}
Event: 16.423 GC heap after
{Heap after GC invocations=31 (full 0):
 garbage-first heap   total 97280K, used 59597K [0x00000000c0000000, 0x0000000100000000)
  region size 1024K, 4 young (4096K), 4 survivors (4096K)
 Metaspace       used 103125K, committed 104128K, reserved 1179648K
  class space    used 12347K, committed 12800K, reserved 1048576K
}
Event: 17.110 GC heap before
{Heap before GC invocations=32 (full 0):
 garbage-first heap   total 101376K, used 86221K [0x00000000c0000000, 0x0000000100000000)
  region size 1024K, 30 young (30720K), 4 survivors (4096K)
 Metaspace       used 104242K, committed 105344K, reserved 1179648K
  class space    used 12502K, committed 12992K, reserved 1048576K
}
Event: 17.118 GC heap after
{Heap after GC invocations=33 (full 0):
 garbage-first heap   total 101376K, used 61720K [0x00000000c0000000, 0x0000000100000000)
  region size 1024K, 3 young (3072K), 3 survivors (3072K)
 Metaspace       used 104242K, committed 105344K, reserved 1179648K
  class space    used 12502K, committed 12992K, reserved 1048576K
}
Event: 17.787 GC heap before
{Heap before GC invocations=33 (full 0):
 garbage-first heap   total 101376K, used 91416K [0x00000000c0000000, 0x0000000100000000)
  region size 1024K, 32 young (32768K), 3 survivors (3072K)
 Metaspace       used 106577K, committed 107776K, reserved 1179648K
  class space    used 12814K, committed 13312K, reserved 1048576K
}
Event: 17.795 GC heap after
{Heap after GC invocations=34 (full 0):
 garbage-first heap   total 101376K, used 62879K [0x00000000c0000000, 0x0000000100000000)
  region size 1024K, 4 young (4096K), 4 survivors (4096K)
 Metaspace       used 106577K, committed 107776K, reserved 1179648K
  class space    used 12814K, committed 13312K, reserved 1048576K
}
Event: 18.260 GC heap before
{Heap before GC invocations=34 (full 0):
 garbage-first heap   total 101376K, used 90527K [0x00000000c0000000, 0x0000000100000000)
  region size 1024K, 31 young (31744K), 4 survivors (4096K)
 Metaspace       used 108879K, committed 110080K, reserved 1179648K
  class space    used 13127K, committed 13632K, reserved 1048576K
}
Event: 18.270 GC heap after
{Heap after GC invocations=35 (full 0):
 garbage-first heap   total 101376K, used 64844K [0x00000000c0000000, 0x0000000100000000)
  region size 1024K, 3 young (3072K), 3 survivors (3072K)
 Metaspace       used 108879K, committed 110080K, reserved 1179648K
  class space    used 13127K, committed 13632K, reserved 1048576K
}

